quasar-android-poc/dist/capacitor/android/logs/manifest-merger-release-report.txt
-- Merging decision tree log ---
provider#androidx.core.content.FileProvider
INJECTED from src\main\AndroidManifest.xml:27:9-35:20
	android:grantUriPermissions
		ADDED from src\main\AndroidManifest.xml:31:13-47
	android:authorities
		INJECTED from src\main\AndroidManifest.xml
		ADDED from src\main\AndroidManifest.xml:29:13-64
	android:exported
		ADDED from src\main\AndroidManifest.xml:30:13-37
	android:name
		ADDED from src\main\AndroidManifest.xml:28:13-62
manifest
ADDED from src\main\AndroidManifest.xml:2:1-46:12
INJECTED from src\main\AndroidManifest.xml:2:1-46:12
INJECTED from src\main\AndroidManifest.xml:2:1-46:12
INJECTED from src\main\AndroidManifest.xml:2:1-46:12
MERGED from [:capacitor-community-barcode-scanner] AndroidManifest.xml:2:1-12:12
MERGED from [:capacitor-app] AndroidManifest.xml:2:1-7:12
MERGED from [:capacitor-geolocation] AndroidManifest.xml:2:1-7:12
MERGED from [:capacitor-network] AndroidManifest.xml:2:1-9:12
MERGED from [:capacitor-android] AndroidManifest.xml:2:1-7:12
MERGED from [:capacitor-cordova-android-plugins] AndroidManifest.xml:2:1-11:12
MERGED from [androidx.appcompat:appcompat-resources:1.6.1] AndroidManifest.xml:17:1-22:12
MERGED from [androidx.appcompat:appcompat:1.6.1] AndroidManifest.xml:17:1-22:12
MERGED from [androidx.coordinatorlayout:coordinatorlayout:1.2.0] AndroidManifest.xml:17:1-24:12
MERGED from [androidx.core:core-splashscreen:1.0.1] AndroidManifest.xml:17:1-24:12
MERGED from [com.google.android.gms:play-services-location:21.1.0] AndroidManifest.xml:2:1-9:12
MERGED from [com.google.android.gms:play-services-base:18.1.0] AndroidManifest.xml:16:1-24:12
MERGED from [com.google.android.gms:play-services-tasks:18.0.2] AndroidManifest.xml:2:1-6:12
MERGED from [com.google.android.gms:play-services-basement:18.1.0] AndroidManifest.xml:16:1-26:12
MERGED from [androidx.fragment:fragment:1.6.2] AndroidManifest.xml:17:1-22:12
MERGED from [androidx.activity:activity:1.8.0] AndroidManifest.xml:17:1-22:12
MERGED from [androidx.cursoradapter:cursoradapter:1.0.0] AndroidManifest.xml:17:1-22:12
MERGED from [androidx.drawerlayout:drawerlayout:1.0.0] AndroidManifest.xml:17:1-22:12
MERGED from [androidx.emoji2:emoji2-views-helper:1.2.0] AndroidManifest.xml:2:1-7:12
MERGED from [androidx.emoji2:emoji2:1.2.0] AndroidManifest.xml:17:1-35:12
MERGED from [androidx.viewpager:viewpager:1.0.0] AndroidManifest.xml:17:1-22:12
MERGED from [androidx.customview:customview:1.0.0] AndroidManifest.xml:17:1-22:12
MERGED from [androidx.webkit:webkit:1.9.0] AndroidManifest.xml:2:1-7:12
MERGED from [androidx.vectordrawable:vectordrawable-animated:1.1.0] AndroidManifest.xml:17:1-24:12
MERGED from [androidx.vectordrawable:vectordrawable:1.1.0] AndroidManifest.xml:17:1-24:12
MERGED from [androidx.savedstate:savedstate:1.2.1] AndroidManifest.xml:17:1-22:12
MERGED from [androidx.loader:loader:1.0.0] AndroidManifest.xml:17:1-22:12
MERGED from [androidx.lifecycle:lifecycle-livedata:2.6.1] AndroidManifest.xml:17:1-22:12
MERGED from [androidx.lifecycle:lifecycle-process:2.6.1] AndroidManifest.xml:17:1-35:12
MERGED from [androidx.lifecycle:lifecycle-livedata-core:2.6.1] AndroidManifest.xml:17:1-22:12
MERGED from [androidx.lifecycle:lifecycle-viewmodel:2.6.1] AndroidManifest.xml:17:1-22:12
MERGED from [androidx.lifecycle:lifecycle-runtime:2.6.1] AndroidManifest.xml:2:1-7:12
MERGED from [androidx.lifecycle:lifecycle-viewmodel-savedstate:2.6.1] AndroidManifest.xml:17:1-22:12
MERGED from [androidx.core:core-ktx:1.12.0] AndroidManifest.xml:2:1-7:12
MERGED from [androidx.core:core:1.12.0] AndroidManifest.xml:17:1-30:12
MERGED from [androidx.versionedparcelable:versionedparcelable:1.1.1] AndroidManifest.xml:17:1-27:12
MERGED from [androidx.interpolator:interpolator:1.0.0] AndroidManifest.xml:17:1-22:12
MERGED from [androidx.profileinstaller:profileinstaller:1.3.0] AndroidManifest.xml:17:1-55:12
MERGED from [androidx.startup:startup-runtime:1.1.1] AndroidManifest.xml:17:1-33:12
MERGED from [androidx.tracing:tracing:1.0.0] AndroidManifest.xml:17:1-24:12
MERGED from [androidx.arch.core:core-runtime:2.2.0] AndroidManifest.xml:17:1-22:12
MERGED from [androidx.annotation:annotation-experimental:1.3.0] AndroidManifest.xml:17:1-22:12
MERGED from [org.apache.cordova:framework:10.1.1] AndroidManifest.xml:20:1-27:12
MERGED from [com.journeyapps:zxing-android-embedded:4.3.0] AndroidManifest.xml:17:1-56:12
	package
		INJECTED from src\main\AndroidManifest.xml
	android:versionName
		INJECTED from src\main\AndroidManifest.xml
	xmlns:tools
		ADDED from src\main\AndroidManifest.xml:2:70-116
	android:versionCode
		INJECTED from src\main\AndroidManifest.xml
	xmlns:android
		ADDED from src\main\AndroidManifest.xml:2:11-69
application
ADDED from src\main\AndroidManifest.xml:3:5-36:19
INJECTED from src\main\AndroidManifest.xml:3:5-36:19
MERGED from [:capacitor-cordova-android-plugins] AndroidManifest.xml:8:5-9:19
MERGED from [:capacitor-cordova-android-plugins] AndroidManifest.xml:8:5-9:19
MERGED from [com.google.android.gms:play-services-location:21.1.0] AndroidManifest.xml:7:5-20
MERGED from [com.google.android.gms:play-services-location:21.1.0] AndroidManifest.xml:7:5-20
MERGED from [com.google.android.gms:play-services-base:18.1.0] AndroidManifest.xml:19:5-23:19
MERGED from [com.google.android.gms:play-services-base:18.1.0] AndroidManifest.xml:19:5-23:19
MERGED from [com.google.android.gms:play-services-tasks:18.0.2] AndroidManifest.xml:5:5-20
MERGED from [com.google.android.gms:play-services-tasks:18.0.2] AndroidManifest.xml:5:5-20
MERGED from [com.google.android.gms:play-services-basement:18.1.0] AndroidManifest.xml:20:5-24:19
MERGED from [com.google.android.gms:play-services-basement:18.1.0] AndroidManifest.xml:20:5-24:19
MERGED from [androidx.emoji2:emoji2:1.2.0] AndroidManifest.xml:23:5-33:19
MERGED from [androidx.emoji2:emoji2:1.2.0] AndroidManifest.xml:23:5-33:19
MERGED from [androidx.lifecycle:lifecycle-process:2.6.1] AndroidManifest.xml:23:5-33:19
MERGED from [androidx.lifecycle:lifecycle-process:2.6.1] AndroidManifest.xml:23:5-33:19
MERGED from [androidx.core:core:1.12.0] AndroidManifest.xml:28:5-89
MERGED from [androidx.core:core:1.12.0] AndroidManifest.xml:28:5-89
MERGED from [androidx.versionedparcelable:versionedparcelable:1.1.1] AndroidManifest.xml:24:5-25:19
MERGED from [androidx.versionedparcelable:versionedparcelable:1.1.1] AndroidManifest.xml:24:5-25:19
MERGED from [androidx.profileinstaller:profileinstaller:1.3.0] AndroidManifest.xml:23:5-53:19
MERGED from [androidx.profileinstaller:profileinstaller:1.3.0] AndroidManifest.xml:23:5-53:19
MERGED from [androidx.startup:startup-runtime:1.1.1] AndroidManifest.xml:25:5-31:19
MERGED from [androidx.startup:startup-runtime:1.1.1] AndroidManifest.xml:25:5-31:19
MERGED from [com.journeyapps:zxing-android-embedded:4.3.0] AndroidManifest.xml:46:5-54:19
MERGED from [com.journeyapps:zxing-android-embedded:4.3.0] AndroidManifest.xml:46:5-54:19
	android:extractNativeLibs
		INJECTED from src\main\AndroidManifest.xml
	android:appComponentFactory
		ADDED from [androidx.core:core:1.12.0] AndroidManifest.xml:28:18-86
	android:supportsRtl
		ADDED from src\main\AndroidManifest.xml:8:9-35
	android:label
		ADDED from src\main\AndroidManifest.xml:6:9-41
	android:hardwareAccelerated
		ADDED from src\main\AndroidManifest.xml:10:9-43
	android:roundIcon
		ADDED from src\main\AndroidManifest.xml:7:9-54
	android:icon
		ADDED from src\main\AndroidManifest.xml:5:9-43
	android:allowBackup
		ADDED from src\main\AndroidManifest.xml:4:9-35
	android:theme
		ADDED from src\main\AndroidManifest.xml:9:9-40
activity#org.capacitor.quasar.app.MainActivity
ADDED from src\main\AndroidManifest.xml:12:9-25:20
	android:label
		ADDED from src\main\AndroidManifest.xml:15:13-56
	android:launchMode
		ADDED from src\main\AndroidManifest.xml:17:13-44
	android:exported
		ADDED from src\main\AndroidManifest.xml:18:13-36
	android:configChanges
		ADDED from src\main\AndroidManifest.xml:13:13-129
	android:theme
		ADDED from src\main\AndroidManifest.xml:16:13-62
	android:name
		ADDED from src\main\AndroidManifest.xml:14:13-41
intent-filter#action:name:android.intent.action.MAIN+category:name:android.intent.category.LAUNCHER
ADDED from src\main\AndroidManifest.xml:20:13-23:29
action#android.intent.action.MAIN
ADDED from src\main\AndroidManifest.xml:21:17-69
	android:name
		ADDED from src\main\AndroidManifest.xml:21:25-66
category#android.intent.category.LAUNCHER
ADDED from src\main\AndroidManifest.xml:22:17-77
	android:name
		ADDED from src\main\AndroidManifest.xml:22:27-74
uses-permission#android.permission.INTERNET
ADDED from src\main\AndroidManifest.xml:39:5-67
	android:name
		ADDED from src\main\AndroidManifest.xml:39:22-64
uses-feature#android.hardware.CAMERA
ADDED from src\main\AndroidManifest.xml:40:5-60
	android:name
		ADDED from src\main\AndroidManifest.xml:40:19-57
uses-permission#android.permission.ACCESS_COARSE_LOCATION
ADDED from src\main\AndroidManifest.xml:41:5-81
	android:name
		ADDED from src\main\AndroidManifest.xml:41:22-78
uses-permission#android.permission.ACCESS_FINE_LOCATION
ADDED from src\main\AndroidManifest.xml:42:5-79
	android:name
		ADDED from src\main\AndroidManifest.xml:42:22-76
uses-feature#android.hardware.location.gps
ADDED from src\main\AndroidManifest.xml:43:5-66
	android:name
		ADDED from src\main\AndroidManifest.xml:43:19-63
uses-sdk
ADDED from src\main\AndroidManifest.xml:45:5-73
INJECTED from src\main\AndroidManifest.xml:45:5-73
INJECTED from src\main\AndroidManifest.xml:45:5-73
MERGED from [:capacitor-community-barcode-scanner] AndroidManifest.xml:8:5-10:67
MERGED from [:capacitor-community-barcode-scanner] AndroidManifest.xml:8:5-10:67
MERGED from [:capacitor-app] AndroidManifest.xml:5:5-44
MERGED from [:capacitor-app] AndroidManifest.xml:5:5-44
MERGED from [:capacitor-geolocation] AndroidManifest.xml:5:5-44
MERGED from [:capacitor-geolocation] AndroidManifest.xml:5:5-44
MERGED from [:capacitor-network] AndroidManifest.xml:5:5-44
MERGED from [:capacitor-network] AndroidManifest.xml:5:5-44
MERGED from [:capacitor-android] AndroidManifest.xml:5:5-44
MERGED from [:capacitor-android] AndroidManifest.xml:5:5-44
MERGED from [:capacitor-cordova-android-plugins] AndroidManifest.xml:6:5-44
MERGED from [:capacitor-cordova-android-plugins] AndroidManifest.xml:6:5-44
MERGED from [androidx.appcompat:appcompat-resources:1.6.1] AndroidManifest.xml:20:5-44
MERGED from [androidx.appcompat:appcompat-resources:1.6.1] AndroidManifest.xml:20:5-44
MERGED from [androidx.appcompat:appcompat:1.6.1] AndroidManifest.xml:20:5-44
MERGED from [androidx.appcompat:appcompat:1.6.1] AndroidManifest.xml:20:5-44
MERGED from [androidx.coordinatorlayout:coordinatorlayout:1.2.0] AndroidManifest.xml:20:5-22:41
MERGED from [androidx.coordinatorlayout:coordinatorlayout:1.2.0] AndroidManifest.xml:20:5-22:41
MERGED from [androidx.core:core-splashscreen:1.0.1] AndroidManifest.xml:20:5-22:41
MERGED from [androidx.core:core-splashscreen:1.0.1] AndroidManifest.xml:20:5-22:41
MERGED from [com.google.android.gms:play-services-location:21.1.0] AndroidManifest.xml:5:5-44
MERGED from [com.google.android.gms:play-services-location:21.1.0] AndroidManifest.xml:5:5-44
MERGED from [com.google.android.gms:play-services-base:18.1.0] AndroidManifest.xml:18:5-43
MERGED from [com.google.android.gms:play-services-base:18.1.0] AndroidManifest.xml:18:5-43
MERGED from [com.google.android.gms:play-services-tasks:18.0.2] AndroidManifest.xml:4:5-43
MERGED from [com.google.android.gms:play-services-tasks:18.0.2] AndroidManifest.xml:4:5-43
MERGED from [com.google.android.gms:play-services-basement:18.1.0] AndroidManifest.xml:18:5-43
MERGED from [com.google.android.gms:play-services-basement:18.1.0] AndroidManifest.xml:18:5-43
MERGED from [androidx.fragment:fragment:1.6.2] AndroidManifest.xml:20:5-44
MERGED from [androidx.fragment:fragment:1.6.2] AndroidManifest.xml:20:5-44
MERGED from [androidx.activity:activity:1.8.0] AndroidManifest.xml:20:5-44
MERGED from [androidx.activity:activity:1.8.0] AndroidManifest.xml:20:5-44
MERGED from [androidx.cursoradapter:cursoradapter:1.0.0] AndroidManifest.xml:20:5-44
MERGED from [androidx.cursoradapter:cursoradapter:1.0.0] AndroidManifest.xml:20:5-44
MERGED from [androidx.drawerlayout:drawerlayout:1.0.0] AndroidManifest.xml:20:5-44
MERGED from [androidx.drawerlayout:drawerlayout:1.0.0] AndroidManifest.xml:20:5-44
MERGED from [androidx.emoji2:emoji2-views-helper:1.2.0] AndroidManifest.xml:5:5-44
MERGED from [androidx.emoji2:emoji2-views-helper:1.2.0] AndroidManifest.xml:5:5-44
MERGED from [androidx.emoji2:emoji2:1.2.0] AndroidManifest.xml:21:5-44
MERGED from [androidx.emoji2:emoji2:1.2.0] AndroidManifest.xml:21:5-44
MERGED from [androidx.viewpager:viewpager:1.0.0] AndroidManifest.xml:20:5-44
MERGED from [androidx.viewpager:viewpager:1.0.0] AndroidManifest.xml:20:5-44
MERGED from [androidx.customview:customview:1.0.0] AndroidManifest.xml:20:5-44
MERGED from [androidx.customview:customview:1.0.0] AndroidManifest.xml:20:5-44
MERGED from [androidx.webkit:webkit:1.9.0] AndroidManifest.xml:5:5-44
MERGED from [androidx.webkit:webkit:1.9.0] AndroidManifest.xml:5:5-44
MERGED from [androidx.vectordrawable:vectordrawable-animated:1.1.0] AndroidManifest.xml:20:5-22:41
MERGED from [androidx.vectordrawable:vectordrawable-animated:1.1.0] AndroidManifest.xml:20:5-22:41
MERGED from [androidx.vectordrawable:vectordrawable:1.1.0] AndroidManifest.xml:20:5-22:41
MERGED from [androidx.vectordrawable:vectordrawable:1.1.0] AndroidManifest.xml:20:5-22:41
MERGED from [androidx.savedstate:savedstate:1.2.1] AndroidManifest.xml:20:5-44
MERGED from [androidx.savedstate:savedstate:1.2.1] AndroidManifest.xml:20:5-44
MERGED from [androidx.loader:loader:1.0.0] AndroidManifest.xml:20:5-44
MERGED from [androidx.loader:loader:1.0.0] AndroidManifest.xml:20:5-44
MERGED from [androidx.lifecycle:lifecycle-livedata:2.6.1] AndroidManifest.xml:20:5-44
MERGED from [androidx.lifecycle:lifecycle-livedata:2.6.1] AndroidManifest.xml:20:5-44
MERGED from [androidx.lifecycle:lifecycle-process:2.6.1] AndroidManifest.xml:21:5-44
MERGED from [androidx.lifecycle:lifecycle-process:2.6.1] AndroidManifest.xml:21:5-44
MERGED from [androidx.lifecycle:lifecycle-livedata-core:2.6.1] AndroidManifest.xml:20:5-44
MERGED from [androidx.lifecycle:lifecycle-livedata-core:2.6.1] AndroidManifest.xml:20:5-44
MERGED from [androidx.lifecycle:lifecycle-viewmodel:2.6.1] AndroidManifest.xml:20:5-44
MERGED from [androidx.lifecycle:lifecycle-viewmodel:2.6.1] AndroidManifest.xml:20:5-44
MERGED from [androidx.lifecycle:lifecycle-runtime:2.6.1] AndroidManifest.xml:5:5-44
MERGED from [androidx.lifecycle:lifecycle-runtime:2.6.1] AndroidManifest.xml:5:5-44
MERGED from [androidx.lifecycle:lifecycle-viewmodel-savedstate:2.6.1] AndroidManifest.xml:20:5-44
MERGED from [androidx.lifecycle:lifecycle-viewmodel-savedstate:2.6.1] AndroidManifest.xml:20:5-44
MERGED from [androidx.core:core-ktx:1.12.0] AndroidManifest.xml:5:5-44
MERGED from [androidx.core:core-ktx:1.12.0] AndroidManifest.xml:5:5-44
MERGED from [androidx.core:core:1.12.0] AndroidManifest.xml:20:5-44
MERGED from [androidx.core:core:1.12.0] AndroidManifest.xml:20:5-44
MERGED from [androidx.versionedparcelable:versionedparcelable:1.1.1] AndroidManifest.xml:20:5-22:41
MERGED from [androidx.versionedparcelable:versionedparcelable:1.1.1] AndroidManifest.xml:20:5-22:41
MERGED from [androidx.interpolator:interpolator:1.0.0] AndroidManifest.xml:20:5-44
MERGED from [androidx.interpolator:interpolator:1.0.0] AndroidManifest.xml:20:5-44
MERGED from [androidx.profileinstaller:profileinstaller:1.3.0] AndroidManifest.xml:21:5-44
MERGED from [androidx.profileinstaller:profileinstaller:1.3.0] AndroidManifest.xml:21:5-44
MERGED from [androidx.startup:startup-runtime:1.1.1] AndroidManifest.xml:21:5-23:41
MERGED from [androidx.startup:startup-runtime:1.1.1] AndroidManifest.xml:21:5-23:41
MERGED from [androidx.tracing:tracing:1.0.0] AndroidManifest.xml:20:5-22:41
MERGED from [androidx.tracing:tracing:1.0.0] AndroidManifest.xml:20:5-22:41
MERGED from [androidx.arch.core:core-runtime:2.2.0] AndroidManifest.xml:20:5-44
MERGED from [androidx.arch.core:core-runtime:2.2.0] AndroidManifest.xml:20:5-44
MERGED from [androidx.annotation:annotation-experimental:1.3.0] AndroidManifest.xml:20:5-44
MERGED from [androidx.annotation:annotation-experimental:1.3.0] AndroidManifest.xml:20:5-44
MERGED from [org.apache.cordova:framework:10.1.1] AndroidManifest.xml:25:5-44
MERGED from [org.apache.cordova:framework:10.1.1] AndroidManifest.xml:25:5-44
MERGED from [com.journeyapps:zxing-android-embedded:4.3.0] AndroidManifest.xml:20:5-44
MERGED from [com.journeyapps:zxing-android-embedded:4.3.0] AndroidManifest.xml:20:5-44
	tools:overrideLibrary
		ADDED from src\main\AndroidManifest.xml:45:15-70
	android:targetSdkVersion
		INJECTED from src\main\AndroidManifest.xml
	android:minSdkVersion
		INJECTED from src\main\AndroidManifest.xml
meta-data#android.support.FILE_PROVIDER_PATHS
ADDED from src\main\AndroidManifest.xml:32:13-34:64
	android:resource
		ADDED from src\main\AndroidManifest.xml:34:17-51
	android:name
		ADDED from src\main\AndroidManifest.xml:33:17-67
uses-permission#android.permission.ACCESS_NETWORK_STATE
ADDED from [:capacitor-network] AndroidManifest.xml:7:5-79
	android:name
		ADDED from [:capacitor-network] AndroidManifest.xml:7:22-76
activity#com.google.android.gms.common.api.GoogleApiActivity
ADDED from [com.google.android.gms:play-services-base:18.1.0] AndroidManifest.xml:20:9-22:45
	android:exported
		ADDED from [com.google.android.gms:play-services-base:18.1.0] AndroidManifest.xml:22:19-43
	android:theme
		ADDED from [com.google.android.gms:play-services-base:18.1.0] AndroidManifest.xml:21:19-78
	android:name
		ADDED from [com.google.android.gms:play-services-base:18.1.0] AndroidManifest.xml:20:19-85
meta-data#com.google.android.gms.version
ADDED from [com.google.android.gms:play-services-basement:18.1.0] AndroidManifest.xml:21:9-23:69
	android:value
		ADDED from [com.google.android.gms:play-services-basement:18.1.0] AndroidManifest.xml:23:13-66
	android:name
		ADDED from [com.google.android.gms:play-services-basement:18.1.0] AndroidManifest.xml:22:13-58
provider#androidx.startup.InitializationProvider
ADDED from [androidx.emoji2:emoji2:1.2.0] AndroidManifest.xml:24:9-32:20
MERGED from [androidx.lifecycle:lifecycle-process:2.6.1] AndroidManifest.xml:24:9-32:20
MERGED from [androidx.lifecycle:lifecycle-process:2.6.1] AndroidManifest.xml:24:9-32:20
MERGED from [androidx.profileinstaller:profileinstaller:1.3.0] AndroidManifest.xml:24:9-32:20
MERGED from [androidx.profileinstaller:profileinstaller:1.3.0] AndroidManifest.xml:24:9-32:20
MERGED from [androidx.startup:startup-runtime:1.1.1] AndroidManifest.xml:26:9-30:34
MERGED from [androidx.startup:startup-runtime:1.1.1] AndroidManifest.xml:26:9-30:34
	tools:node
		ADDED from [androidx.emoji2:emoji2:1.2.0] AndroidManifest.xml:28:13-31
	android:authorities
		ADDED from [androidx.emoji2:emoji2:1.2.0] AndroidManifest.xml:26:13-68
	android:exported
		ADDED from [androidx.emoji2:emoji2:1.2.0] AndroidManifest.xml:27:13-37
	android:name
		ADDED from [androidx.emoji2:emoji2:1.2.0] AndroidManifest.xml:25:13-67
meta-data#androidx.emoji2.text.EmojiCompatInitializer
ADDED from [androidx.emoji2:emoji2:1.2.0] AndroidManifest.xml:29:13-31:52
	android:value
		ADDED from [androidx.emoji2:emoji2:1.2.0] AndroidManifest.xml:31:17-49
	android:name
		ADDED from [androidx.emoji2:emoji2:1.2.0] AndroidManifest.xml:30:17-75
meta-data#androidx.lifecycle.ProcessLifecycleInitializer
ADDED from [androidx.lifecycle:lifecycle-process:2.6.1] AndroidManifest.xml:29:13-31:52
	android:value
		ADDED from [androidx.lifecycle:lifecycle-process:2.6.1] AndroidManifest.xml:31:17-49
	android:name
		ADDED from [androidx.lifecycle:lifecycle-process:2.6.1] AndroidManifest.xml:30:17-78
permission#${applicationId}.DYNAMIC_RECEIVER_NOT_EXPORTED_PERMISSION
ADDED from [androidx.core:core:1.12.0] AndroidManifest.xml:22:5-24:47
	android:protectionLevel
		ADDED from [androidx.core:core:1.12.0] AndroidManifest.xml:24:9-44
	android:name
		ADDED from [androidx.core:core:1.12.0] AndroidManifest.xml:23:9-81
permission#org.capacitor.quasar.app.DYNAMIC_RECEIVER_NOT_EXPORTED_PERMISSION
ADDED from [androidx.core:core:1.12.0] AndroidManifest.xml:22:5-24:47
	android:protectionLevel
		ADDED from [androidx.core:core:1.12.0] AndroidManifest.xml:24:9-44
	android:name
		ADDED from [androidx.core:core:1.12.0] AndroidManifest.xml:23:9-81
uses-permission#${applicationId}.DYNAMIC_RECEIVER_NOT_EXPORTED_PERMISSION
ADDED from [androidx.core:core:1.12.0] AndroidManifest.xml:26:5-97
	android:name
		ADDED from [androidx.core:core:1.12.0] AndroidManifest.xml:26:22-94
uses-permission#org.capacitor.quasar.app.DYNAMIC_RECEIVER_NOT_EXPORTED_PERMISSION
ADDED from [androidx.core:core:1.12.0] AndroidManifest.xml:26:5-97
	android:name
		ADDED from [androidx.core:core:1.12.0] AndroidManifest.xml:26:22-94
meta-data#androidx.profileinstaller.ProfileInstallerInitializer
ADDED from [androidx.profileinstaller:profileinstaller:1.3.0] AndroidManifest.xml:29:13-31:52
	android:value
		ADDED from [androidx.profileinstaller:profileinstaller:1.3.0] AndroidManifest.xml:31:17-49
	android:name
		ADDED from [androidx.profileinstaller:profileinstaller:1.3.0] AndroidManifest.xml:30:17-85
receiver#androidx.profileinstaller.ProfileInstallReceiver
ADDED from [androidx.profileinstaller:profileinstaller:1.3.0] AndroidManifest.xml:34:9-52:20
	android:enabled
		ADDED from [androidx.profileinstaller:profileinstaller:1.3.0] AndroidManifest.xml:37:13-35
	android:exported
		ADDED from [androidx.profileinstaller:profileinstaller:1.3.0] AndroidManifest.xml:38:13-36
	android:permission
		ADDED from [androidx.profileinstaller:profileinstaller:1.3.0] AndroidManifest.xml:39:13-57
	android:directBootAware
		ADDED from [androidx.profileinstaller:profileinstaller:1.3.0] AndroidManifest.xml:36:13-44
	android:name
		ADDED from [androidx.profileinstaller:profileinstaller:1.3.0] AndroidManifest.xml:35:13-76
intent-filter#action:name:androidx.profileinstaller.action.INSTALL_PROFILE
ADDED from [androidx.profileinstaller:profileinstaller:1.3.0] AndroidManifest.xml:40:13-42:29
action#androidx.profileinstaller.action.INSTALL_PROFILE
ADDED from [androidx.profileinstaller:profileinstaller:1.3.0] AndroidManifest.xml:41:17-91
	android:name
		ADDED from [androidx.profileinstaller:profileinstaller:1.3.0] AndroidManifest.xml:41:25-88
intent-filter#action:name:androidx.profileinstaller.action.SKIP_FILE
ADDED from [androidx.profileinstaller:profileinstaller:1.3.0] AndroidManifest.xml:43:13-45:29
action#androidx.profileinstaller.action.SKIP_FILE
ADDED from [androidx.profileinstaller:profileinstaller:1.3.0] AndroidManifest.xml:44:17-85
	android:name
		ADDED from [androidx.profileinstaller:profileinstaller:1.3.0] AndroidManifest.xml:44:25-82
intent-filter#action:name:androidx.profileinstaller.action.SAVE_PROFILE
ADDED from [androidx.profileinstaller:profileinstaller:1.3.0] AndroidManifest.xml:46:13-48:29
action#androidx.profileinstaller.action.SAVE_PROFILE
ADDED from [androidx.profileinstaller:profileinstaller:1.3.0] AndroidManifest.xml:47:17-88
	android:name
		ADDED from [androidx.profileinstaller:profileinstaller:1.3.0] AndroidManifest.xml:47:25-85
intent-filter#action:name:androidx.profileinstaller.action.BENCHMARK_OPERATION
ADDED from [androidx.profileinstaller:profileinstaller:1.3.0] AndroidManifest.xml:49:13-51:29
action#androidx.profileinstaller.action.BENCHMARK_OPERATION
ADDED from [androidx.profileinstaller:profileinstaller:1.3.0] AndroidManifest.xml:50:17-95
	android:name
		ADDED from [androidx.profileinstaller:profileinstaller:1.3.0] AndroidManifest.xml:50:25-92
uses-permission#android.permission.CAMERA
ADDED from [com.journeyapps:zxing-android-embedded:4.3.0] AndroidManifest.xml:22:5-65
	android:name
		ADDED from [com.journeyapps:zxing-android-embedded:4.3.0] AndroidManifest.xml:22:22-62
uses-feature#android.hardware.camera
ADDED from [com.journeyapps:zxing-android-embedded:4.3.0] AndroidManifest.xml:25:5-27:36
	android:required
		ADDED from [com.journeyapps:zxing-android-embedded:4.3.0] AndroidManifest.xml:27:9-33
	android:name
		ADDED from [com.journeyapps:zxing-android-embedded:4.3.0] AndroidManifest.xml:26:9-47
uses-feature#android.hardware.camera.front
ADDED from [com.journeyapps:zxing-android-embedded:4.3.0] AndroidManifest.xml:28:5-30:36
	android:required
		ADDED from [com.journeyapps:zxing-android-embedded:4.3.0] AndroidManifest.xml:30:9-33
	android:name
		ADDED from [com.journeyapps:zxing-android-embedded:4.3.0] AndroidManifest.xml:29:9-53
uses-feature#android.hardware.camera.autofocus
ADDED from [com.journeyapps:zxing-android-embedded:4.3.0] AndroidManifest.xml:33:5-35:36
	android:required
		ADDED from [com.journeyapps:zxing-android-embedded:4.3.0] AndroidManifest.xml:35:9-33
	android:name
		ADDED from [com.journeyapps:zxing-android-embedded:4.3.0] AndroidManifest.xml:34:9-57
uses-feature#android.hardware.camera.flash
ADDED from [com.journeyapps:zxing-android-embedded:4.3.0] AndroidManifest.xml:36:5-38:36
	android:required
		ADDED from [com.journeyapps:zxing-android-embedded:4.3.0] AndroidManifest.xml:38:9-33
	android:name
		ADDED from [com.journeyapps:zxing-android-embedded:4.3.0] AndroidManifest.xml:37:9-53
uses-feature#android.hardware.screen.landscape
ADDED from [com.journeyapps:zxing-android-embedded:4.3.0] AndroidManifest.xml:39:5-41:36
	android:required
		ADDED from [com.journeyapps:zxing-android-embedded:4.3.0] AndroidManifest.xml:41:9-33
	android:name
		ADDED from [com.journeyapps:zxing-android-embedded:4.3.0] AndroidManifest.xml:40:9-57
uses-feature#android.hardware.wifi
ADDED from [com.journeyapps:zxing-android-embedded:4.3.0] AndroidManifest.xml:42:5-44:36
	android:required
		ADDED from [com.journeyapps:zxing-android-embedded:4.3.0] AndroidManifest.xml:44:9-33
	android:name
		ADDED from [com.journeyapps:zxing-android-embedded:4.3.0] AndroidManifest.xml:43:9-45
activity#com.journeyapps.barcodescanner.CaptureActivity
ADDED from [com.journeyapps:zxing-android-embedded:4.3.0] AndroidManifest.xml:47:9-53:63
	android:screenOrientation
		ADDED from [com.journeyapps:zxing-android-embedded:4.3.0] AndroidManifest.xml:50:13-56
	android:clearTaskOnLaunch
		ADDED from [com.journeyapps:zxing-android-embedded:4.3.0] AndroidManifest.xml:49:13-45
	android:stateNotNeeded
		ADDED from [com.journeyapps:zxing-android-embedded:4.3.0] AndroidManifest.xml:51:13-42
	android:windowSoftInputMode
		ADDED from [com.journeyapps:zxing-android-embedded:4.3.0] AndroidManifest.xml:53:13-60
	android:theme
		ADDED from [com.journeyapps:zxing-android-embedded:4.3.0] AndroidManifest.xml:52:13-54
	android:name
		ADDED from [com.journeyapps:zxing-android-embedded:4.3.0] AndroidManifest.xml:48:13-74